<?xml version="1.0" encoding="UTF-8"?>
<testng-results ignored="0" total="1" passed="0" failed="1" skipped="0">
  <reporter-output>
    <line>
      <![CDATA[opening chrome browser.....]]>
    </line>
    <line>
      <![CDATA[Browserlaunched sussess]]>
    </line>
    <line>
      <![CDATA[opening browser.. ]]>
    </line>
    <line>
      <![CDATA[browser open successfully.... . ]]>
    </line>
    <line>
      <![CDATA[opening browser.. ]]>
    </line>
    <line>
      <![CDATA[browser open successfully.... . ]]>
    </line>
    <line>
      <![CDATA[opening browser.. ]]>
    </line>
    <line>
      <![CDATA[browser open successfully.... . ]]>
    </line>
    <line>
      <![CDATA[opening browser.. ]]>
    </line>
    <line>
      <![CDATA[browser open successfully.... . ]]>
    </line>
    <line>
      <![CDATA[screenshot taken for TC validateUserName]]>
    </line>
    <line>
      <![CDATA[Logging out.....]]>
    </line>
    <line>
      <![CDATA[closing browser.....]]>
    </line>
  </reporter-output>
  <suite started-at="2022-04-03T16:36:18 IST" name="Default suite" finished-at="2022-04-03T16:38:34 IST" duration-ms="135693">
    <groups>
    </groups>
    <test started-at="2022-04-03T16:36:18 IST" name="Default test" finished-at="2022-04-03T16:38:34 IST" duration-ms="135693">
      <class name="mavenprject2_testPackage.ValidateUserIdTestClass1">
        <test-method is-config="true" signature="launceApplicationKite()[pri:0, instance:mavenprject2_testPackage.ValidateUserIdTestClass1@47e2e487]" started-at="2022-04-03T16:36:19 IST" name="launceApplicationKite" finished-at="2022-04-03T16:37:27 IST" duration-ms="68467" status="PASS">
          <reporter-output>
            <line>
              <![CDATA[opening chrome browser.....]]>
            </line>
            <line>
              <![CDATA[Browserlaunched sussess]]>
            </line>
          </reporter-output>
        </test-method> <!-- launceApplicationKite -->
        <test-method is-config="true" signature="loginToKiteApp()[pri:0, instance:mavenprject2_testPackage.ValidateUserIdTestClass1@47e2e487]" started-at="2022-04-03T16:37:27 IST" name="loginToKiteApp" finished-at="2022-04-03T16:37:45 IST" duration-ms="17997" status="PASS">
          <reporter-output>
            <line>
              <![CDATA[opening browser.. ]]>
            </line>
            <line>
              <![CDATA[browser open successfully.... . ]]>
            </line>
            <line>
              <![CDATA[opening browser.. ]]>
            </line>
            <line>
              <![CDATA[browser open successfully.... . ]]>
            </line>
            <line>
              <![CDATA[opening browser.. ]]>
            </line>
            <line>
              <![CDATA[browser open successfully.... . ]]>
            </line>
          </reporter-output>
        </test-method> <!-- loginToKiteApp -->
        <test-method signature="validateUserName()[pri:0, instance:mavenprject2_testPackage.ValidateUserIdTestClass1@47e2e487]" started-at="2022-04-03T16:37:45 IST" name="validateUserName" finished-at="2022-04-03T16:38:00 IST" duration-ms="15407" status="FAIL">
          <exception class="java.lang.AssertionError">
            <message>
              <![CDATA[user id are not same expected [User ID should be minimum 6 characters.] but found [DAA677]]]>
            </message>
            <full-stacktrace>
              <![CDATA[java.lang.AssertionError: user id are not same expected [User ID should be minimum 6 characters.] but found [DAA677]
at org.testng.Assert.fail(Assert.java:99)
at org.testng.Assert.failNotEquals(Assert.java:1037)
at org.testng.Assert.assertEqualsImpl(Assert.java:140)
at org.testng.Assert.assertEquals(Assert.java:122)
at org.testng.Assert.assertEquals(Assert.java:629)
at mavenprject2_testPackage.ValidateUserIdTestClass1.validateUserName(ValidateUserIdTestClass1.java:62)
at java.base/jdk.internal.reflect.NativeMethodAccessorImpl.invoke0(Native Method)
at java.base/jdk.internal.reflect.NativeMethodAccessorImpl.invoke(NativeMethodAccessorImpl.java:62)
at java.base/jdk.internal.reflect.DelegatingMethodAccessorImpl.invoke(DelegatingMethodAccessorImpl.java:43)
at java.base/java.lang.reflect.Method.invoke(Method.java:566)
at org.testng.internal.MethodInvocationHelper.invokeMethod(MethodInvocationHelper.java:133)
at org.testng.internal.TestInvoker.invokeMethod(TestInvoker.java:598)
at org.testng.internal.TestInvoker.invokeTestMethod(TestInvoker.java:173)
at org.testng.internal.MethodRunner.runInSequence(MethodRunner.java:46)
at org.testng.internal.TestInvoker$MethodInvocationAgent.invoke(TestInvoker.java:824)
at org.testng.internal.TestInvoker.invokeTestMethods(TestInvoker.java:146)
at org.testng.internal.TestMethodWorker.invokeTestMethods(TestMethodWorker.java:146)
at org.testng.internal.TestMethodWorker.run(TestMethodWorker.java:128)
at java.base/java.util.ArrayList.forEach(ArrayList.java:1541)
at org.testng.TestRunner.privateRun(TestRunner.java:794)
at org.testng.TestRunner.run(TestRunner.java:596)
at org.testng.SuiteRunner.runTest(SuiteRunner.java:377)
at org.testng.SuiteRunner.runSequentially(SuiteRunner.java:371)
at org.testng.SuiteRunner.privateRun(SuiteRunner.java:332)
at org.testng.SuiteRunner.run(SuiteRunner.java:276)
at org.testng.SuiteRunnerWorker.runSuite(SuiteRunnerWorker.java:53)
at org.testng.SuiteRunnerWorker.run(SuiteRunnerWorker.java:96)
at org.testng.TestNG.runSuitesSequentially(TestNG.java:1212)
at org.testng.TestNG.runSuitesLocally(TestNG.java:1134)
at org.testng.TestNG.runSuites(TestNG.java:1063)
at org.testng.TestNG.run(TestNG.java:1031)
at org.testng.remote.AbstractRemoteTestNG.run(AbstractRemoteTestNG.java:115)
at org.testng.remote.RemoteTestNG.initAndRun(RemoteTestNG.java:251)
at org.testng.remote.RemoteTestNG.main(RemoteTestNG.java:77)
]]>
            </full-stacktrace>
          </exception> <!-- java.lang.AssertionError -->
          <reporter-output>
            <line>
              <![CDATA[opening browser.. ]]>
            </line>
            <line>
              <![CDATA[browser open successfully.... . ]]>
            </line>
            <line>
              <![CDATA[screenshot taken for TC validateUserName]]>
            </line>
          </reporter-output>
        </test-method> <!-- validateUserName -->
        <test-method is-config="true" signature="logoutFromKiteAppBrowser(org.testng.ITestResult)[pri:0, instance:mavenprject2_testPackage.ValidateUserIdTestClass1@47e2e487]" started-at="2022-04-03T16:38:16 IST" name="logoutFromKiteAppBrowser" finished-at="2022-04-03T16:38:19 IST" duration-ms="2315" status="PASS">
          <params>
            <param index="0">
              <value>
                <![CDATA[[TestResult name=validateUserName status=FAILURE method=ValidateUserIdTestClass1.validateUserName()[pri:0, instance:mavenprject2_testPackage.ValidateUserIdTestClass1@47e2e487] output=opening browser.. ]]]>
              </value>
            </param>
          </params>
          <reporter-output>
            <line>
              <![CDATA[Logging out.....]]>
            </line>
          </reporter-output>
        </test-method> <!-- logoutFromKiteAppBrowser -->
        <test-method is-config="true" signature="browserClosing()[pri:0, instance:mavenprject2_testPackage.ValidateUserIdTestClass1@47e2e487]" started-at="2022-04-03T16:38:19 IST" name="browserClosing" finished-at="2022-04-03T16:38:34 IST" duration-ms="15448" status="PASS">
          <reporter-output>
            <line>
              <![CDATA[closing browser.....]]>
            </line>
          </reporter-output>
        </test-method> <!-- browserClosing -->
      </class> <!-- mavenprject2_testPackage.ValidateUserIdTestClass1 -->
    </test> <!-- Default test -->
  </suite> <!-- Default suite -->
</testng-results>
